# JRE version: OpenJDK Runtime Environment (8.0_212-b04) (build 1.8.0_212-release-1586-b04)
# Java VM: OpenJDK 64-Bit Server VM (25.212-b04 mixed mode windows-amd64 compressed oops)
Heap:
 PSYoungGen      total 353280K, used 170801K [0x00000000e0000000, 0x00000000ff380000, 0x0000000100000000)
  eden space 208384K, 73% used [0x00000000e0000000,0x00000000e953f080,0x00000000ecb80000)
  from space 144896K, 12% used [0x00000000f6600000,0x00000000f77add78,0x00000000ff380000)
  to   space 151552K, 0% used [0x00000000ecb80000,0x00000000ecb80000,0x00000000f5f80000)
 ParOldGen       total 417792K, used 79044K [0x00000000a0000000, 0x00000000b9800000, 0x00000000e0000000)
  object space 417792K, 18% used [0x00000000a0000000,0x00000000a4d31070,0x00000000b9800000)
 Metaspace       used 146258K, capacity 154504K, committed 157696K, reserved 1187840K
  class space    used 17922K, capacity 19441K, committed 20224K, reserved 1048576K
GC Heap History (10 events):
Event: 3969.547 GC heap before
{Heap before GC invocations=63 (full 5):
 PSYoungGen      total 200704K, used 200378K [0x00000000e0000000, 0x00000000ff200000, 0x0000000100000000)
  eden space 178176K, 99% used [0x00000000e0000000,0x00000000eadc7e18,0x00000000eae00000)
  from space 22528K, 99% used [0x00000000eae00000,0x00000000ec3e6a60,0x00000000ec400000)
  to   space 165888K, 0% used [0x00000000f5000000,0x00000000f5000000,0x00000000ff200000)
 ParOldGen       total 417792K, used 73752K [0x00000000a0000000, 0x00000000b9800000, 0x00000000e0000000)
  object space 417792K, 17% used [0x00000000a0000000,0x00000000a48061c0,0x00000000b9800000)
 Metaspace       used 146129K, capacity 154358K, committed 157696K, reserved 1187840K
  class space    used 17917K, capacity 19438K, committed 20224K, reserved 1048576K
Event: 3969.570 GC heap after
Heap after GC invocations=63 (full 5):
 PSYoungGen      total 351232K, used 31661K [0x00000000e0000000, 0x00000000ff600000, 0x0000000100000000)
  eden space 185344K, 0% used [0x00000000e0000000,0x00000000e0000000,0x00000000eb500000)
  from space 165888K, 19% used [0x00000000f5000000,0x00000000f6eeb420,0x00000000ff200000)
  to   space 158720K, 0% used [0x00000000eb500000,0x00000000eb500000,0x00000000f5000000)
 ParOldGen       total 417792K, used 77708K [0x00000000a0000000, 0x00000000b9800000, 0x00000000e0000000)
  object space 417792K, 18% used [0x00000000a0000000,0x00000000a4be32a0,0x00000000b9800000)
 Metaspace       used 146129K, capacity 154358K, committed 157696K, reserved 1187840K
  class space    used 17917K, capacity 19438K, committed 20224K, reserved 1048576K
}
Event: 3970.164 GC heap before
{Heap before GC invocations=64 (full 5):
 PSYoungGen      total 351232K, used 217005K [0x00000000e0000000, 0x00000000ff600000, 0x0000000100000000)
  eden space 185344K, 100% used [0x00000000e0000000,0x00000000eb500000,0x00000000eb500000)
  from space 165888K, 19% used [0x00000000f5000000,0x00000000f6eeb420,0x00000000ff200000)
  to   space 158720K, 0% used [0x00000000eb500000,0x00000000eb500000,0x00000000f5000000)
 ParOldGen       total 417792K, used 77708K [0x00000000a0000000, 0x00000000b9800000, 0x00000000e0000000)
  object space 417792K, 18% used [0x00000000a0000000,0x00000000a4be32a0,0x00000000b9800000)
 Metaspace       used 146136K, capacity 154358K, committed 157696K, reserved 1187840K
  class space    used 17917K, capacity 19438K, committed 20224K, reserved 1048576K
Event: 3970.197 GC heap after
Heap after GC invocations=64 (full 5):
 PSYoungGen      total 344064K, used 60159K [0x00000000e0000000, 0x00000000fea00000, 0x0000000100000000)
  eden space 185344K, 0% used [0x00000000e0000000,0x00000000e0000000,0x00000000eb500000)
  from space 158720K, 37% used [0x00000000eb500000,0x00000000eefbfcb0,0x00000000f5000000)
  to   space 151040K, 0% used [0x00000000f5680000,0x00000000f5680000,0x00000000fea00000)
 ParOldGen       total 417792K, used 77756K [0x00000000a0000000, 0x00000000b9800000, 0x00000000e0000000)
  object space 417792K, 18% used [0x00000000a0000000,0x00000000a4bef2a0,0x00000000b9800000)
 Metaspace       used 146136K, capacity 154358K, committed 157696K, reserved 1187840K
  class space    used 17917K, capacity 19438K, committed 20224K, reserved 1048576K
}
Event: 3971.731 GC heap before
{Heap before GC invocations=65 (full 5):
 PSYoungGen      total 344064K, used 245272K [0x00000000e0000000, 0x00000000fea00000, 0x0000000100000000)
  eden space 185344K, 99% used [0x00000000e0000000,0x00000000eb4c66f8,0x00000000eb500000)
  from space 158720K, 37% used [0x00000000eb500000,0x00000000eefbfcb0,0x00000000f5000000)
  to   space 151040K, 0% used [0x00000000f5680000,0x00000000f5680000,0x00000000fea00000)
 ParOldGen       total 417792K, used 77756K [0x00000000a0000000, 0x00000000b9800000, 0x00000000e0000000)
  object space 417792K, 18% used [0x00000000a0000000,0x00000000a4bef2a0,0x00000000b9800000)
 Metaspace       used 146138K, capacity 154358K, committed 157696K, reserved 1187840K
  class space    used 17917K, capacity 19438K, committed 20224K, reserved 1048576K
Event: 3971.773 GC heap after
Heap after GC invocations=65 (full 5):
 PSYoungGen      total 343552K, used 99045K [0x00000000e0000000, 0x00000000ffd80000, 0x0000000100000000)
  eden space 192512K, 0% used [0x00000000e0000000,0x00000000e0000000,0x00000000ebc00000)
  from space 151040K, 65% used [0x00000000f5680000,0x00000000fb7396a0,0x00000000fea00000)
  to   space 158208K, 0% used [0x00000000ebc00000,0x00000000ebc00000,0x00000000f5680000)
 ParOldGen       total 417792K, used 77772K [0x00000000a0000000, 0x00000000b9800000, 0x00000000e0000000)
  object space 417792K, 18% used [0x00000000a0000000,0x00000000a4bf32a0,0x00000000b9800000)
 Metaspace       used 146138K, capacity 154358K, committed 157696K, reserved 1187840K
  class space    used 17917K, capacity 19438K, committed 20224K, reserved 1048576K
}
Event: 4104.120 GC heap before
{Heap before GC invocations=66 (full 5):
 PSYoungGen      total 343552K, used 291557K [0x00000000e0000000, 0x00000000ffd80000, 0x0000000100000000)
  eden space 192512K, 100% used [0x00000000e0000000,0x00000000ebc00000,0x00000000ebc00000)
  from space 151040K, 65% used [0x00000000f5680000,0x00000000fb7396a0,0x00000000fea00000)
  to   space 158208K, 0% used [0x00000000ebc00000,0x00000000ebc00000,0x00000000f5680000)
 ParOldGen       total 417792K, used 77772K [0x00000000a0000000, 0x00000000b9800000, 0x00000000e0000000)
  object space 417792K, 18% used [0x00000000a0000000,0x00000000a4bf32a0,0x00000000b9800000)
 Metaspace       used 146175K, capacity 154428K, committed 157696K, reserved 1187840K
  class space    used 17920K, capacity 19439K, committed 20224K, reserved 1048576K
Event: 4104.126 GC heap after
Heap after GC invocations=66 (full 5):
 PSYoungGen      total 350720K, used 12142K [0x00000000e0000000, 0x00000000ffe80000, 0x0000000100000000)
  eden space 192512K, 0% used [0x00000000e0000000,0x00000000e0000000,0x00000000ebc00000)
  from space 158208K, 7% used [0x00000000ebc00000,0x00000000ec7dba60,0x00000000f5680000)
  to   space 156160K, 0% used [0x00000000f6600000,0x00000000f6600000,0x00000000ffe80000)
 ParOldGen       total 417792K, used 79036K [0x00000000a0000000, 0x00000000b9800000, 0x00000000e0000000)
  object space 417792K, 18% used [0x00000000a0000000,0x00000000a4d2f070,0x00000000b9800000)
 Metaspace       used 146175K, capacity 154428K, committed 157696K, reserved 1187840K
  class space    used 17920K, capacity 19439K, committed 20224K, reserved 1048576K
}
Event: 4105.434 GC heap before
{Heap before GC invocations=67 (full 5):
 PSYoungGen      total 350720K, used 204654K [0x00000000e0000000, 0x00000000ffe80000, 0x0000000100000000)
  eden space 192512K, 100% used [0x00000000e0000000,0x00000000ebc00000,0x00000000ebc00000)
  from space 158208K, 7% used [0x00000000ebc00000,0x00000000ec7dba60,0x00000000f5680000)
  to   space 156160K, 0% used [0x00000000f6600000,0x00000000f6600000,0x00000000ffe80000)
 ParOldGen       total 417792K, used 79036K [0x00000000a0000000, 0x00000000b9800000, 0x00000000e0000000)
  object space 417792K, 18% used [0x00000000a0000000,0x00000000a4d2f070,0x00000000b9800000)
 Metaspace       used 146233K, capacity 154504K, committed 157696K, reserved 1187840K
  class space    used 17921K, capacity 19441K, committed 20224K, reserved 1048576K
Event: 4105.443 GC heap after
Heap after GC invocations=67 (full 5):
 PSYoungGen      total 353280K, used 18103K [0x00000000e0000000, 0x00000000ff380000, 0x0000000100000000)
  eden space 208384K, 0% used [0x00000000e0000000,0x00000000e0000000,0x00000000ecb80000)
  from space 144896K, 12% used [0x00000000f6600000,0x00000000f77add78,0x00000000ff380000)
  to   space 151552K, 0% used [0x00000000ecb80000,0x00000000ecb80000,0x00000000f5f80000)
 ParOldGen       total 417792K, used 79044K [0x00000000a0000000, 0x00000000b9800000, 0x00000000e0000000)
  object space 417792K, 18% used [0x00000000a0000000,0x00000000a4d31070,0x00000000b9800000)
 Metaspace       used 146233K, capacity 154504K, committed 157696K, reserved 1187840K
  class space    used 17921K, capacity 19441K, committed 20224K, reserved 1048576K
}

